Using pad_token, but it is not set yet.
Found cached dataset openwebtext-10k (/data/cody_rushing/.cache/huggingface/datasets/stas___openwebtext-10k/plain_text/1.0.0/3a8df094c671b4cb63ed0b41f40fb3bd855e9ce2e3765e5df50abcdfb5ec144b)
Loaded pretrained model pythia-160m into HookedTransformer
  0%|          | 0/3 [00:00<?, ?it/s] 33%|███▎      | 1/3 [02:16<04:33, 136.67s/it] 67%|██████▋   | 2/3 [04:32<02:16, 136.06s/it]100%|██████████| 3/3 [06:45<00:00, 134.80s/it]100%|██████████| 3/3 [06:45<00:00, 135.20s/it]
already did this comp
already did this comp
already did this comp
already did this comp
already did this comp
already did this comp
starting new comp
starting new comp
starting new comp
already did this comp
already did this comp
already did this comp
already did this comp
already did this comp
already did this comp
starting new comp
starting new comp
starting new comp
already did this comp
already did this comp
already did this comp
already did this comp
already did this comp
already did this comp
starting new comp
starting new comp
starting new comp
Using pad_token, but it is not set yet.
Found cached dataset openwebtext-10k (/data/cody_rushing/.cache/huggingface/datasets/stas___openwebtext-10k/plain_text/1.0.0/3a8df094c671b4cb63ed0b41f40fb3bd855e9ce2e3765e5df50abcdfb5ec144b)
Loaded pretrained model stanford-gpt2-small-a into HookedTransformer
  0%|          | 0/3 [00:00<?, ?it/s] 33%|███▎      | 1/3 [02:24<04:48, 144.49s/it] 67%|██████▋   | 2/3 [04:57<02:29, 149.40s/it]100%|██████████| 3/3 [07:24<00:00, 148.58s/it]100%|██████████| 3/3 [07:24<00:00, 148.31s/it]
already did this comp
already did this comp
already did this comp
already did this comp
already did this comp
already did this comp
starting new comp
starting new comp
starting new comp
already did this comp
already did this comp
already did this comp
already did this comp
already did this comp
already did this comp
starting new comp
starting new comp
starting new comp
already did this comp
already did this comp
already did this comp
already did this comp
already did this comp
already did this comp
starting new comp
starting new comp
starting new comp
Using pad_token, but it is not set yet.
Found cached dataset openwebtext-10k (/data/cody_rushing/.cache/huggingface/datasets/stas___openwebtext-10k/plain_text/1.0.0/3a8df094c671b4cb63ed0b41f40fb3bd855e9ce2e3765e5df50abcdfb5ec144b)
Loaded pretrained model stanford-gpt2-medium-a into HookedTransformer
  0%|          | 0/3 [00:00<?, ?it/s] 33%|███▎      | 1/3 [05:12<10:25, 312.66s/it] 67%|██████▋   | 2/3 [10:26<05:13, 313.20s/it]