Using pad_token, but it is not set yet.
Found cached dataset openwebtext-10k (/data/cody_rushing/.cache/huggingface/datasets/stas___openwebtext-10k/plain_text/1.0.0/3a8df094c671b4cb63ed0b41f40fb3bd855e9ce2e3765e5df50abcdfb5ec144b)
Running in script mode
Loaded pretrained model pythia-160m into HookedTransformer
  0%|          | 0/3 [00:00<?, ?it/s] 33%|███▎      | 1/3 [00:15<00:30, 15.19s/it] 67%|██████▋   | 2/3 [00:30<00:15, 15.19s/it]100%|██████████| 3/3 [00:45<00:00, 15.19s/it]100%|██████████| 3/3 [00:45<00:00, 15.19s/it]
starting new comp
starting new comp
starting new comp
starting new comp
starting new comp
starting new comp
starting new comp
starting new comp
starting new comp
starting new comp
starting new comp
starting new comp
starting new comp
starting new comp
starting new comp
starting new comp
starting new comp
starting new comp
starting new comp
starting new comp
starting new comp
starting new comp
starting new comp
starting new comp
starting new comp
starting new comp
starting new comp
starting new comp
starting new comp
starting new comp
Using pad_token, but it is not set yet.
Found cached dataset openwebtext-10k (/data/cody_rushing/.cache/huggingface/datasets/stas___openwebtext-10k/plain_text/1.0.0/3a8df094c671b4cb63ed0b41f40fb3bd855e9ce2e3765e5df50abcdfb5ec144b)
Running in script mode
Loaded pretrained model stanford-gpt2-small-a into HookedTransformer
  0%|          | 0/3 [00:00<?, ?it/s] 33%|███▎      | 1/3 [00:14<00:29, 14.74s/it] 67%|██████▋   | 2/3 [00:29<00:14, 14.69s/it]100%|██████████| 3/3 [00:44<00:00, 14.66s/it]100%|██████████| 3/3 [00:44<00:00, 14.68s/it]
starting new comp
starting new comp
starting new comp
starting new comp
starting new comp
starting new comp
starting new comp
starting new comp
starting new comp
starting new comp
starting new comp
starting new comp
starting new comp
starting new comp
starting new comp
starting new comp
starting new comp
starting new comp
starting new comp
starting new comp
starting new comp
starting new comp
starting new comp
starting new comp
starting new comp
starting new comp
starting new comp
starting new comp
starting new comp
starting new comp
Using pad_token, but it is not set yet.
Found cached dataset openwebtext-10k (/data/cody_rushing/.cache/huggingface/datasets/stas___openwebtext-10k/plain_text/1.0.0/3a8df094c671b4cb63ed0b41f40fb3bd855e9ce2e3765e5df50abcdfb5ec144b)
Running in script mode
Loaded pretrained model stanford-gpt2-medium-a into HookedTransformer
  0%|          | 0/3 [00:00<?, ?it/s] 33%|███▎      | 1/3 [00:35<01:10, 35.04s/it] 67%|██████▋   | 2/3 [01:09<00:34, 34.95s/it]slurmstepd: error: *** JOB 985392 ON compute-permanent-node-990 CANCELLED AT 2023-12-02T20:32:48 ***
